{"name": "Verify the display of \"Join the beyond\" text", "status": "failed", "statusDetails": {"message": "AssertionError: \"Join the beyond\" text is not displayed\n", "trace": "  File \"/home/ananth/.local/lib/python3.8/site-packages/behave/model.py\", line 1329, in run\n    match.run(runner.context)\n  File \"/home/ananth/.local/lib/python3.8/site-packages/behave/matchers.py\", line 98, in run\n    self.func(context, *args, **kwargs)\n  File \"features/steps/my_steps.py\", line 54, in step_then_i_should_see_join_text\n    assert join_text.is_displayed(), '\"Join the beyond\" text is not displayed'\n"}, "steps": [{"name": "Given I am on the Career landing page", "status": "passed", "start": 1704610469560, "stop": 1704610472669}, {"name": "When I wait for the \"Join the beyond\" text to be displayed", "status": "passed", "start": 1704610472669, "stop": 1704610472686}, {"name": "Then I should see the \"Join the beyond\" text displayed", "status": "failed", "statusDetails": {"message": "AssertionError: \"Join the beyond\" text is not displayed\n", "trace": "  File \"/home/ananth/.local/lib/python3.8/site-packages/behave/model.py\", line 1329, in run\n    match.run(runner.context)\n  File \"/home/ananth/.local/lib/python3.8/site-packages/behave/matchers.py\", line 98, in run\n    self.func(context, *args, **kwargs)\n  File \"features/steps/my_steps.py\", line 54, in step_then_i_should_see_join_text\n    assert join_text.is_displayed(), '\"Join the beyond\" text is not displayed'\n"}, "start": 1704610472687, "stop": 1704610472719}], "start": 1704610469560, "stop": 1704610472720, "uuid": "1a85bb45-974f-46b7-b978-d1acae21da2a", "historyId": "ff22139ce945debadbd9b720bae50ee1", "fullName": "Check if \"Join the beyond\" text is displayed: Verify the display of \"Join the beyond\" text", "labels": [{"name": "severity", "value": "normal"}, {"name": "feature", "value": "Check if \"Join the beyond\" text is displayed"}, {"name": "framework", "value": "behave"}, {"name": "language", "value": "cpython3"}]}